load python3 23-06 for pytorch (with numpy 1.24.3, scikit-learn 1.2.2, torch 1.12.1,  more details: pip list)
Initializing distributed: GLOBAL_RANK: 7, MEMBER: 8/8
Initializing distributed: GLOBAL_RANK: 5, MEMBER: 6/8
Initializing distributed: GLOBAL_RANK: 4, MEMBER: 5/8
Initializing distributed: GLOBAL_RANK: 6, MEMBER: 7/8
Initializing distributed: GLOBAL_RANK: 1, MEMBER: 2/8
Initializing distributed: GLOBAL_RANK: 2, MEMBER: 3/8
Initializing distributed: GLOBAL_RANK: 3, MEMBER: 4/8
wandb: Currently logged in as: aghiles-kebaili. Use `wandb login --relogin` to force relogin
wandb: Tracking run with wandb version 0.15.4
wandb: Run data is saved locally in ./wandb/run-20230620_151301-zfrmbbsy
wandb: Run `wandb offline` to turn off syncing.
wandb: Syncing run Training
wandb: ⭐️ View project at https://wandb.ai/aghiles-kebaili/discrimnative-hvae-for-accurate-tumor-segmentation
wandb: 🚀 View run at https://wandb.ai/aghiles-kebaili/discrimnative-hvae-for-accurate-tumor-segmentation/runs/zfrmbbsy
GPU available: True (cuda), used: True
TPU available: False, using: 0 TPU cores
IPU available: False, using: 0 IPUs
HPU available: False, using: 0 HPUs
Initializing distributed: GLOBAL_RANK: 0, MEMBER: 1/8
----------------------------------------------------------------------------------------------------
distributed_backend=nccl
All distributed processes registered. Starting with 8 processes
----------------------------------------------------------------------------------------------------

LOCAL_RANK: 0 - CUDA_VISIBLE_DEVICES: [0,1,2,3]
LOCAL_RANK: 1 - CUDA_VISIBLE_DEVICES: [0,1,2,3]
LOCAL_RANK: 0 - CUDA_VISIBLE_DEVICES: [0,1,2,3]
LOCAL_RANK: 3 - CUDA_VISIBLE_DEVICES: [0,1,2,3]
LOCAL_RANK: 2 - CUDA_VISIBLE_DEVICES: [0,1,2,3]
LOCAL_RANK: 1 - CUDA_VISIBLE_DEVICES: [0,1,2,3]
LOCAL_RANK: 2 - CUDA_VISIBLE_DEVICES: [0,1,2,3]
LOCAL_RANK: 3 - CUDA_VISIBLE_DEVICES: [0,1,2,3]

  | Name               | Type                    | Params
---------------------------------------------------------------
0 | encoder            | Encoder                 | 35.2 M
1 | decoder            | Decoder                 | 26.9 M
2 | positional_encoder | TimePositionalEmbedding | 0     
3 | class_encoder      | Sequential              | 132 K 
4 | regularization     | LPIPSWithDiscriminator  | 17.5 M
---------------------------------------------------------------
65.0 M    Trainable params
14.7 M    Non-trainable params
79.7 M    Total params
318.705   Total estimated model params size (MB)
SLURM auto-requeueing enabled. Setting signal handlers.
SLURM auto-requeueing enabled. Setting signal handlers.
SLURM auto-requeueing enabled. Setting signal handlers.
SLURM auto-requeueing enabled. Setting signal handlers.
SLURM auto-requeueing enabled. Setting signal handlers.
SLURM auto-requeueing enabled. Setting signal handlers.
SLURM auto-requeueing enabled. Setting signal handlers.
SLURM auto-requeueing enabled. Setting signal handlers.
[W reducer.cpp:1258] Warning: find_unused_parameters=True was specified in DDP constructor, but did not find any unused parameters in the forward pass. This flag results in an extra traversal of the autograd graph every iteration,  which can adversely affect performance. If your model indeed never has any unused parameters in the forward pass, consider turning this flag off. Note that this warning may be a false positive if your model has flow control causing later iterations to have unused parameters. (function operator())
[W reducer.cpp:1258] Warning: find_unused_parameters=True was specified in DDP constructor, but did not find any unused parameters in the forward pass. This flag results in an extra traversal of the autograd graph every iteration,  which can adversely affect performance. If your model indeed never has any unused parameters in the forward pass, consider turning this flag off. Note that this warning may be a false positive if your model has flow control causing later iterations to have unused parameters. (function operator())
[W reducer.cpp:1258] Warning: find_unused_parameters=True was specified in DDP constructor, but did not find any unused parameters in the forward pass. This flag results in an extra traversal of the autograd graph every iteration,  which can adversely affect performance. If your model indeed never has any unused parameters in the forward pass, consider turning this flag off. Note that this warning may be a false positive if your model has flow control causing later iterations to have unused parameters. (function operator())
[W reducer.cpp:1258] Warning: find_unused_parameters=True was specified in DDP constructor, but did not find any unused parameters in the forward pass. This flag results in an extra traversal of the autograd graph every iteration,  which can adversely affect performance. If your model indeed never has any unused parameters in the forward pass, consider turning this flag off. Note that this warning may be a false positive if your model has flow control causing later iterations to have unused parameters. (function operator())
[W reducer.cpp:1258] Warning: find_unused_parameters=True was specified in DDP constructor, but did not find any unused parameters in the forward pass. This flag results in an extra traversal of the autograd graph every iteration,  which can adversely affect performance. If your model indeed never has any unused parameters in the forward pass, consider turning this flag off. Note that this warning may be a false positive if your model has flow control causing later iterations to have unused parameters. (function operator())
[W reducer.cpp:1258] Warning: find_unused_parameters=True was specified in DDP constructor, but did not find any unused parameters in the forward pass. This flag results in an extra traversal of the autograd graph every iteration,  which can adversely affect performance. If your model indeed never has any unused parameters in the forward pass, consider turning this flag off. Note that this warning may be a false positive if your model has flow control causing later iterations to have unused parameters. (function operator())
[W reducer.cpp:1258] Warning: find_unused_parameters=True was specified in DDP constructor, but did not find any unused parameters in the forward pass. This flag results in an extra traversal of the autograd graph every iteration,  which can adversely affect performance. If your model indeed never has any unused parameters in the forward pass, consider turning this flag off. Note that this warning may be a false positive if your model has flow control causing later iterations to have unused parameters. (function operator())
[W reducer.cpp:1258] Warning: find_unused_parameters=True was specified in DDP constructor, but did not find any unused parameters in the forward pass. This flag results in an extra traversal of the autograd graph every iteration,  which can adversely affect performance. If your model indeed never has any unused parameters in the forward pass, consider turning this flag off. Note that this warning may be a false positive if your model has flow control causing later iterations to have unused parameters. (function operator())
/home/2021012/sruan01/riles/env/lib/python3.10/site-packages/pytorch_lightning/trainer/connectors/logger_connector/result.py:432: PossibleUserWarning: It is recommended to use `self.log('hvae_loss', ..., sync_dist=True)` when logging on epoch level in distributed setting to accumulate the metric across devices.
  warning_cache.warn(
/home/2021012/sruan01/riles/env/lib/python3.10/site-packages/pytorch_lightning/trainer/connectors/logger_connector/result.py:432: PossibleUserWarning: It is recommended to use `self.log('total_auxilary_loss', ..., sync_dist=True)` when logging on epoch level in distributed setting to accumulate the metric across devices.
  warning_cache.warn(
/home/2021012/sruan01/riles/env/lib/python3.10/site-packages/pytorch_lightning/trainer/connectors/logger_connector/result.py:432: PossibleUserWarning: It is recommended to use `self.log('l1_loss', ..., sync_dist=True)` when logging on epoch level in distributed setting to accumulate the metric across devices.
  warning_cache.warn(
/home/2021012/sruan01/riles/env/lib/python3.10/site-packages/pytorch_lightning/trainer/connectors/logger_connector/result.py:432: PossibleUserWarning: It is recommended to use `self.log('p_loss', ..., sync_dist=True)` when logging on epoch level in distributed setting to accumulate the metric across devices.
  warning_cache.warn(
/home/2021012/sruan01/riles/env/lib/python3.10/site-packages/pytorch_lightning/trainer/connectors/logger_connector/result.py:432: PossibleUserWarning: It is recommended to use `self.log('rec_loss', ..., sync_dist=True)` when logging on epoch level in distributed setting to accumulate the metric across devices.
  warning_cache.warn(
/home/2021012/sruan01/riles/env/lib/python3.10/site-packages/pytorch_lightning/trainer/connectors/logger_connector/result.py:432: PossibleUserWarning: It is recommended to use `self.log('nll_loss', ..., sync_dist=True)` when logging on epoch level in distributed setting to accumulate the metric across devices.
  warning_cache.warn(
/home/2021012/sruan01/riles/env/lib/python3.10/site-packages/pytorch_lightning/trainer/connectors/logger_connector/result.py:432: PossibleUserWarning: It is recommended to use `self.log('logvar', ..., sync_dist=True)` when logging on epoch level in distributed setting to accumulate the metric across devices.
  warning_cache.warn(
/home/2021012/sruan01/riles/env/lib/python3.10/site-packages/pytorch_lightning/trainer/connectors/logger_connector/result.py:432: PossibleUserWarning: It is recommended to use `self.log('disc_weight', ..., sync_dist=True)` when logging on epoch level in distributed setting to accumulate the metric across devices.
  warning_cache.warn(
/home/2021012/sruan01/riles/env/lib/python3.10/site-packages/pytorch_lightning/trainer/connectors/logger_connector/result.py:432: PossibleUserWarning: It is recommended to use `self.log('g_loss', ..., sync_dist=True)` when logging on epoch level in distributed setting to accumulate the metric across devices.
  warning_cache.warn(
/home/2021012/sruan01/riles/env/lib/python3.10/site-packages/pytorch_lightning/trainer/connectors/logger_connector/result.py:432: PossibleUserWarning: It is recommended to use `self.log('d_loss', ..., sync_dist=True)` when logging on epoch level in distributed setting to accumulate the metric across devices.
  warning_cache.warn(
/home/2021012/sruan01/riles/env/lib/python3.10/site-packages/pytorch_lightning/trainer/connectors/logger_connector/result.py:432: PossibleUserWarning: It is recommended to use `self.log('logits_real', ..., sync_dist=True)` when logging on epoch level in distributed setting to accumulate the metric across devices.
  warning_cache.warn(
/home/2021012/sruan01/riles/env/lib/python3.10/site-packages/pytorch_lightning/trainer/connectors/logger_connector/result.py:432: PossibleUserWarning: It is recommended to use `self.log('logits_fake', ..., sync_dist=True)` when logging on epoch level in distributed setting to accumulate the metric across devices.
  warning_cache.warn(
